2021-01-11 01:16:54 INFO  ApplicationDriver:35 - User <007> has logged in with clearance level <Operative>
2021-01-11 01:16:58 INFO  ApplicationDriver:77 - User: <007> has logged out.
2021-01-11 01:21:02 INFO  ApplicationDriver:35 - User <007> has logged in with clearance level <Operative>
2021-01-11 01:21:45 INFO  ApplicationDriver:59 - User <007> has submitted an expense request
2021-01-11 01:21:50 INFO  ApplicationDriver:77 - User: <007> has logged out.
2021-01-11 01:22:42 INFO  ApplicationDriver:35 - User <M> has logged in with clearance level <Head>
2021-01-11 01:23:53 INFO  ApplicationDriver:70 - User <M> has resolved an expense request
2021-01-11 01:27:25 INFO  ApplicationDriver:77 - User: <M> has logged out.
2021-01-11 01:27:42 INFO  ApplicationDriver:35 - User <$.01> has logged in with clearance level <Secretary>
2021-01-11 01:29:00 INFO  ApplicationDriver:77 - User: <$.01> has logged out.
2021-01-11 01:29:27 INFO  ApplicationDriver:35 - User <$.01> has logged in with clearance level <Secretary>
2021-01-11 01:33:03 INFO  ApplicationDriver:77 - User: <$.01> has logged out.
2021-01-11 04:30:34 INFO  ApplicationDriver:35 - User <007> has logged in with clearance level <Operative>
2021-01-11 04:34:09 INFO  ApplicationDriver:35 - User <007> has logged in with clearance level <Operative>
2021-01-11 04:37:16 INFO  ApplicationDriver:35 - User <007> has logged in with clearance level <Operative>
2021-01-11 04:40:30 INFO  ApplicationDriver:35 - User <007> has logged in with clearance level <Operative>
2021-01-11 04:41:04 INFO  ApplicationDriver:35 - User <007> has logged in with clearance level <Operative>
2021-01-11 04:43:00 INFO  ApplicationDriver:35 - User <007> has logged in with clearance level <Operative>
2021-01-11 05:29:49 INFO  ApplicationDriver:35 - User <007> has logged in with clearance level <Operative>
2021-01-11 05:29:56 INFO  ApplicationDriver:35 - User <007> has logged in with clearance level <Operative>
2021-01-11 05:32:38 INFO  ApplicationDriver:35 - User <007> has logged in with clearance level <Operative>
2021-01-11 05:32:45 INFO  ApplicationDriver:35 - User <007> has logged in with clearance level <Operative>
2021-01-11 05:36:29 INFO  ApplicationDriver:35 - User <007> has logged in with clearance level <Operative>
2021-01-11 05:36:36 INFO  ApplicationDriver:35 - User <007> has logged in with clearance level <Operative>
2021-01-11 05:38:16 INFO  ApplicationDriver:35 - User <007> has logged in with clearance level <Operative>
2021-01-11 05:38:52 INFO  ApplicationDriver:35 - User <007> has logged in with clearance level <Operative>
2021-01-11 05:39:09 INFO  ApplicationDriver:35 - User <007> has logged in with clearance level <Operative>
2021-01-11 05:39:10 INFO  ApplicationDriver:35 - User <007> has logged in with clearance level <Operative>
2021-01-11 05:44:46 INFO  ApplicationDriver:35 - User <007> has logged in with clearance level <Operative>
2021-01-11 05:44:47 INFO  ApplicationDriver:35 - User <007> has logged in with clearance level <Operative>
2021-01-11 05:44:48 INFO  ApplicationDriver:35 - User <007> has logged in with clearance level <Operative>
2021-01-11 05:45:56 INFO  ApplicationDriver:35 - User <007> has logged in with clearance level <Operative>
2021-01-11 05:45:57 INFO  ApplicationDriver:35 - User <007> has logged in with clearance level <Operative>
2021-01-11 05:45:58 INFO  ApplicationDriver:35 - User <007> has logged in with clearance level <Operative>
2021-01-11 05:47:52 INFO  ApplicationDriver:35 - User <007> has logged in with clearance level <Operative>
2021-01-11 05:47:53 INFO  ApplicationDriver:35 - User <007> has logged in with clearance level <Operative>
2021-01-11 05:48:47 INFO  ApplicationDriver:77 - User: <007> has logged out.
2021-01-11 05:58:59 INFO  ApplicationDriver:35 - User <007> has logged in with clearance level <Operative>
2021-01-11 05:59:00 INFO  ApplicationDriver:35 - User <007> has logged in with clearance level <Operative>
2021-01-11 05:59:01 INFO  ApplicationDriver:35 - User <007> has logged in with clearance level <Operative>
2021-01-11 06:01:20 INFO  ApplicationDriver:35 - User <007> has logged in with clearance level <Operative>
2021-01-11 06:01:21 INFO  ApplicationDriver:35 - User <007> has logged in with clearance level <Operative>
2021-01-11 06:01:22 INFO  ApplicationDriver:35 - User <007> has logged in with clearance level <Operative>
2021-01-11 06:02:16 INFO  ApplicationDriver:35 - User <007> has logged in with clearance level <Operative>
2021-01-11 06:02:17 INFO  ApplicationDriver:35 - User <007> has logged in with clearance level <Operative>
2021-01-11 06:02:18 INFO  ApplicationDriver:35 - User <007> has logged in with clearance level <Operative>
2021-01-11 06:03:23 INFO  ApplicationDriver:35 - User <007> has logged in with clearance level <Operative>
2021-01-11 06:03:24 INFO  ApplicationDriver:35 - User <007> has logged in with clearance level <Operative>
2021-01-11 06:03:25 INFO  ApplicationDriver:35 - User <007> has logged in with clearance level <Operative>
2021-01-11 06:12:26 INFO  ApplicationDriver:35 - User <007> has logged in with clearance level <Operative>
2021-01-11 06:12:27 INFO  ApplicationDriver:35 - User <007> has logged in with clearance level <Operative>
2021-01-11 06:12:28 INFO  ApplicationDriver:35 - User <007> has logged in with clearance level <Operative>
2021-01-11 06:17:02 INFO  ApplicationDriver:35 - User <007> has logged in with clearance level <Operative>
2021-01-11 06:17:04 INFO  ApplicationDriver:35 - User <007> has logged in with clearance level <Operative>
2021-01-11 06:17:04 INFO  ApplicationDriver:35 - User <007> has logged in with clearance level <Operative>
2021-01-11 06:20:30 INFO  ApplicationDriver:35 - User <007> has logged in with clearance level <Operative>
2021-01-11 06:20:32 INFO  ApplicationDriver:35 - User <007> has logged in with clearance level <Operative>
2021-01-11 06:21:52 INFO  ApplicationDriver:35 - User <007> has logged in with clearance level <Operative>
2021-01-11 06:21:53 INFO  ApplicationDriver:35 - User <007> has logged in with clearance level <Operative>
2021-01-11 06:24:11 INFO  ApplicationDriver:35 - User <007> has logged in with clearance level <Operative>
2021-01-11 06:24:13 INFO  ApplicationDriver:35 - User <007> has logged in with clearance level <Operative>
2021-01-11 06:25:05 INFO  ApplicationDriver:35 - User <007> has logged in with clearance level <Operative>
2021-01-11 06:25:06 INFO  ApplicationDriver:35 - User <007> has logged in with clearance level <Operative>
2021-01-11 06:25:37 INFO  ApplicationDriver:35 - User <007> has logged in with clearance level <Operative>
2021-01-11 06:25:38 INFO  ApplicationDriver:35 - User <007> has logged in with clearance level <Operative>
2021-01-11 06:30:33 INFO  ApplicationDriver:35 - User <007> has logged in with clearance level <Operative>
2021-01-11 06:30:34 INFO  ApplicationDriver:35 - User <007> has logged in with clearance level <Operative>
2021-01-11 06:32:30 INFO  ApplicationDriver:35 - User <007> has logged in with clearance level <Operative>
2021-01-11 06:32:37 INFO  ApplicationDriver:35 - User <007> has logged in with clearance level <Operative>
2021-01-11 06:32:38 INFO  ApplicationDriver:35 - User <007> has logged in with clearance level <Operative>
2021-01-11 06:35:29 INFO  ApplicationDriver:35 - User <007> has logged in with clearance level <Operative>
2021-01-11 06:39:21 INFO  ApplicationDriver:35 - User <007> has logged in with clearance level <Operative>
2021-01-11 06:39:51 INFO  ApplicationDriver:35 - User <007> has logged in with clearance level <Operative>
2021-01-11 06:40:19 INFO  ApplicationDriver:35 - User <007> has logged in with clearance level <Operative>
2021-01-11 06:40:42 INFO  ApplicationDriver:35 - User <007> has logged in with clearance level <Operative>
2021-01-11 06:42:03 INFO  ApplicationDriver:35 - User <007> has logged in with clearance level <Operative>
2021-01-11 06:42:40 INFO  ApplicationDriver:35 - User <007> has logged in with clearance level <Operative>
2021-01-11 06:46:35 INFO  ApplicationDriver:35 - User <007> has logged in with clearance level <Operative>
2021-01-11 06:46:36 INFO  ApplicationDriver:35 - User <007> has logged in with clearance level <Operative>
2021-01-11 06:47:09 INFO  ApplicationDriver:35 - User <007> has logged in with clearance level <Operative>
2021-01-11 06:47:25 INFO  ApplicationDriver:35 - User <007> has logged in with clearance level <Operative>
2021-01-11 06:47:27 INFO  ApplicationDriver:35 - User <007> has logged in with clearance level <Operative>
2021-01-11 06:47:27 INFO  ApplicationDriver:35 - User <007> has logged in with clearance level <Operative>
2021-01-11 06:55:47 INFO  ApplicationDriver:35 - User <007> has logged in with clearance level <Operative>
2021-01-11 06:55:48 INFO  ApplicationDriver:35 - User <007> has logged in with clearance level <Operative>
2021-01-11 06:59:39 INFO  ApplicationDriver:35 - User <007> has logged in with clearance level <Operative>
2021-01-11 07:03:00 INFO  ApplicationDriver:35 - User <007> has logged in with clearance level <Operative>
2021-01-11 07:03:35 INFO  ApplicationDriver:35 - User <007> has logged in with clearance level <Operative>
2021-01-11 07:13:40 INFO  ApplicationDriver:35 - User <007> has logged in with clearance level <Operative>
2021-01-11 07:14:40 INFO  ApplicationDriver:35 - User <007> has logged in with clearance level <Operative>
2021-01-11 07:14:41 INFO  ApplicationDriver:77 - User: <007> has logged out.
2021-01-11 07:15:07 INFO  ApplicationDriver:35 - User <007> has logged in with clearance level <Operative>
2021-01-11 07:15:08 INFO  ApplicationDriver:77 - User: <007> has logged out.
2021-01-11 07:16:10 INFO  ApplicationDriver:77 - User: <Unauthorized> has logged out.
2021-01-11 07:18:13 INFO  ApplicationDriver:35 - User <007> has logged in with clearance level <Operative>
2021-01-11 07:18:13 INFO  ApplicationDriver:77 - User: <007> has logged out.
2021-01-11 07:18:33 INFO  ApplicationDriver:35 - User <007> has logged in with clearance level <Operative>
2021-01-11 07:31:09 INFO  ApplicationDriver:35 - User <007> has logged in with clearance level <Operative>
2021-01-11 07:31:10 INFO  ApplicationDriver:35 - User <007> has logged in with clearance level <Operative>
2021-01-11 07:31:17 INFO  ApplicationDriver:35 - User <007> has logged in with clearance level <Operative>
2021-01-11 07:31:18 INFO  ApplicationDriver:35 - User <007> has logged in with clearance level <Operative>
2021-01-11 07:32:58 INFO  ApplicationDriver:35 - User <007> has logged in with clearance level <Operative>
2021-01-11 07:32:59 INFO  ApplicationDriver:35 - User <007> has logged in with clearance level <Operative>
2021-01-11 07:33:00 INFO  ApplicationDriver:35 - User <007> has logged in with clearance level <Operative>
2021-01-11 07:33:30 INFO  ApplicationDriver:35 - User <007> has logged in with clearance level <Operative>
2021-01-11 07:33:31 INFO  ApplicationDriver:35 - User <007> has logged in with clearance level <Operative>
2021-01-11 07:33:38 INFO  ApplicationDriver:35 - User <007> has logged in with clearance level <Operative>
2021-01-11 07:34:08 INFO  ApplicationDriver:35 - User <007> has logged in with clearance level <Operative>
2021-01-11 07:34:09 INFO  ApplicationDriver:35 - User <007> has logged in with clearance level <Operative>
2021-01-11 07:34:16 INFO  ApplicationDriver:35 - User <007> has logged in with clearance level <Operative>
2021-01-11 07:38:42 INFO  ApplicationDriver:35 - User <007> has logged in with clearance level <Operative>
2021-01-11 07:39:27 INFO  ApplicationDriver:77 - User: <007> has logged out.
2021-01-11 07:39:33 INFO  ApplicationDriver:35 - User <M> has logged in with clearance level <Head>
2021-01-11 08:14:32 INFO  ApplicationDriver:77 - User: <M> has logged out.
2021-01-11 08:21:49 INFO  ApplicationDriver:35 - User <007> has logged in with clearance level <Operative>
2021-01-11 08:22:18 INFO  ApplicationDriver:53 - User <007> has submitted an expense request
2021-01-11 08:23:27 INFO  ApplicationDriver:77 - User: <007> has logged out.
2021-01-11 08:23:34 INFO  ApplicationDriver:35 - User <M> has logged in with clearance level <Head>
2021-01-11 08:24:21 INFO  ApplicationDriver:64 - User <M> has resolved an expense request
2021-01-11 08:24:47 INFO  ApplicationDriver:77 - User: <M> has logged out.
2021-01-11 08:24:55 INFO  ApplicationDriver:35 - User <$.01> has logged in with clearance level <Secretary>
2021-01-11 08:29:49 INFO  ApplicationDriver:77 - User: <$.01> has logged out.
2021-01-11 08:31:03 INFO  ApplicationDriver:35 - User <007> has logged in with clearance level <Operative>
2021-01-11 08:31:47 INFO  ApplicationDriver:53 - User <007> has submitted an expense request
2021-01-11 08:33:46 INFO  ApplicationDriver:77 - User: <007> has logged out.
2021-01-11 08:34:18 INFO  ApplicationDriver:35 - User <007> has logged in with clearance level <Operative>
2021-01-11 08:34:33 INFO  ApplicationDriver:77 - User: <007> has logged out.
2021-01-11 08:35:31 INFO  ApplicationDriver:35 - User <007> has logged in with clearance level <Operative>
2021-01-11 08:36:11 INFO  ApplicationDriver:53 - User <007> has submitted an expense request
2021-01-11 08:38:11 INFO  ApplicationDriver:77 - User: <007> has logged out.
2021-01-11 08:38:18 INFO  ApplicationDriver:35 - User <M> has logged in with clearance level <Head>
2021-01-11 08:40:06 INFO  ApplicationDriver:77 - User: <M> has logged out.
2021-01-11 08:40:10 INFO  ApplicationDriver:35 - User <$.01> has logged in with clearance level <Secretary>
2021-01-11 09:01:35 INFO  ApplicationDriver:35 - User <007> has logged in with clearance level <Operative>
2021-01-11 09:01:41 INFO  ApplicationDriver:77 - User: <007> has logged out.
2021-01-11 09:01:46 INFO  ApplicationDriver:35 - User <007> has logged in with clearance level <Operative>
2021-01-11 09:02:24 INFO  ApplicationDriver:77 - User: <007> has logged out.
2021-01-11 09:02:31 INFO  ApplicationDriver:35 - User <007> has logged in with clearance level <Operative>
2021-01-11 09:02:50 INFO  ApplicationDriver:77 - User: <007> has logged out.
2021-01-11 09:02:55 INFO  ApplicationDriver:35 - User <M> has logged in with clearance level <Head>
2021-01-11 21:44:46 INFO  ApplicationDriver:35 - User <001> has logged in with clearance level <Operative>
2021-01-11 21:52:01 INFO  ApplicationDriver:77 - User: <001> has logged out.
2021-01-11 21:52:12 INFO  ApplicationDriver:35 - User <001> has logged in with clearance level <Operative>
2021-01-11 21:52:20 INFO  ApplicationDriver:77 - User: <001> has logged out.
2021-01-11 21:52:26 INFO  ApplicationDriver:35 - User <001> has logged in with clearance level <Operative>
2021-01-11 21:54:36 INFO  ApplicationDriver:53 - User <001> has submitted an expense request
2021-01-11 21:59:51 INFO  ApplicationDriver:53 - User <001> has submitted an expense request
2021-01-11 22:01:00 INFO  ApplicationDriver:53 - User <001> has submitted an expense request
2021-01-11 22:01:29 INFO  ApplicationDriver:77 - User: <001> has logged out.
2021-01-11 22:01:40 INFO  ApplicationDriver:35 - User <$.01> has logged in with clearance level <Secretary>
2021-01-11 22:02:29 INFO  ApplicationDriver:64 - User <$.01> has resolved an expense request
2021-01-11 22:07:26 INFO  ApplicationDriver:64 - User <$.01> has resolved an expense request
2021-01-11 22:10:56 INFO  ApplicationDriver:64 - User <$.01> has resolved an expense request
2021-01-11 22:14:06 INFO  ApplicationDriver:64 - User <$.01> has resolved an expense request
2021-01-11 22:18:24 INFO  ApplicationDriver:64 - User <$.01> has resolved an expense request
2021-01-11 22:33:14 INFO  ApplicationDriver:64 - User <$.01> has resolved an expense request
2021-01-11 22:43:01 INFO  ApplicationDriver:35 - User <$.01> has logged in with clearance level <Secretary>
2021-01-11 22:43:44 INFO  ApplicationDriver:64 - User <$.01> has resolved an expense request
2021-01-11 22:46:21 INFO  ApplicationDriver:35 - User <M> has logged in with clearance level <Head>
2021-01-11 22:47:01 INFO  ApplicationDriver:64 - User <M> has resolved an expense request
2021-01-11 22:56:43 INFO  ApplicationDriver:35 - User <007> has logged in with clearance level <Operative>
2021-01-11 22:56:44 INFO  ApplicationDriver:77 - User: <007> has logged out.
2021-01-12 05:59:09 INFO  ApplicationDriver:35 - User <007> has logged in with clearance level <Operative>
2021-01-12 05:59:25 INFO  ApplicationDriver:77 - User: <007> has logged out.
2021-01-12 07:09:44 INFO  ApplicationDriver:35 - User <007> has logged in with clearance level <Operative>
2021-01-12 07:09:45 INFO  ApplicationDriver:77 - User: <007> has logged out.
2021-01-12 07:35:19 INFO  ApplicationDriver:35 - User <007> has logged in with clearance level <Operative>
2021-01-12 07:35:20 INFO  ApplicationDriver:77 - User: <007> has logged out.
2021-01-12 07:38:24 INFO  ApplicationDriver:35 - User <007> has logged in with clearance level <Operative>
2021-01-12 07:39:38 INFO  ApplicationDriver:53 - User <007> has submitted an expense request
2021-01-12 07:41:56 INFO  ApplicationDriver:77 - User: <007> has logged out.
2021-01-12 07:42:03 INFO  ApplicationDriver:35 - User <M> has logged in with clearance level <Head>
2021-01-12 07:42:42 INFO  ApplicationDriver:64 - User <M> has resolved an expense request
2021-01-12 07:44:33 INFO  ApplicationDriver:35 - User <001> has logged in with clearance level <Operative>
2021-01-12 07:45:27 INFO  ApplicationDriver:53 - User <001> has submitted an expense request
2021-01-12 07:45:38 INFO  ApplicationDriver:77 - User: <001> has logged out.
2021-01-12 07:45:43 INFO  ApplicationDriver:35 - User <M> has logged in with clearance level <Head>
2021-01-12 07:46:04 INFO  ApplicationDriver:64 - User <M> has resolved an expense request
2021-01-12 07:51:12 INFO  ApplicationDriver:35 - User <001> has logged in with clearance level <Operative>
2021-01-12 07:52:05 INFO  ApplicationDriver:53 - User <001> has submitted an expense request
2021-01-12 07:52:17 INFO  ApplicationDriver:77 - User: <001> has logged out.
2021-01-12 07:52:27 INFO  ApplicationDriver:35 - User <M> has logged in with clearance level <Head>
2021-01-12 07:54:46 INFO  ApplicationDriver:35 - User <001> has logged in with clearance level <Operative>
2021-01-12 07:57:12 INFO  ApplicationDriver:53 - User <001> has submitted an expense request
2021-01-12 07:57:24 INFO  ApplicationDriver:77 - User: <001> has logged out.
2021-01-12 07:57:30 INFO  ApplicationDriver:35 - User <M> has logged in with clearance level <Head>
2021-01-12 07:57:45 INFO  ApplicationDriver:64 - User <M> has resolved an expense request
2021-01-12 08:04:05 INFO  ApplicationDriver:64 - User <M> has resolved an expense request
2021-01-12 08:05:27 INFO  ApplicationDriver:64 - User <M> has resolved an expense request
2021-01-12 08:07:40 INFO  ApplicationDriver:35 - User <$.01> has logged in with clearance level <Secretary>
2021-01-12 08:07:57 INFO  ApplicationDriver:77 - User: <$.01> has logged out.
2021-01-12 08:08:01 INFO  ApplicationDriver:35 - User <001> has logged in with clearance level <Operative>
2021-01-12 08:09:14 INFO  ApplicationDriver:53 - User <001> has submitted an expense request
2021-01-12 08:59:52 INFO  ApplicationDriver:35 - User <007> has logged in with clearance level <Operative>
2021-01-12 08:59:53 INFO  ApplicationDriver:77 - User: <007> has logged out.
2021-01-12 09:04:39 INFO  ApplicationDriver:35 - User <007> has logged in with clearance level <Operative>
2021-01-12 09:04:39 INFO  ApplicationDriver:77 - User: <007> has logged out.
2021-01-12 09:15:21 INFO  ApplicationDriver:35 - User <007> has logged in with clearance level <Operative>
2021-01-12 09:15:22 INFO  ApplicationDriver:77 - User: <007> has logged out.
2021-01-12 09:46:21 INFO  ApplicationDriver:35 - User <007> has logged in with clearance level <Operative>
2021-01-12 09:47:03 INFO  ApplicationDriver:53 - User <007> has submitted an expense request
2021-01-12 09:47:56 INFO  ApplicationDriver:77 - User: <007> has logged out.
2021-01-12 09:48:02 INFO  ApplicationDriver:35 - User <M> has logged in with clearance level <Head>
2021-01-12 09:48:40 INFO  ApplicationDriver:64 - User <M> has resolved an expense request
2021-01-12 09:49:07 INFO  ApplicationDriver:77 - User: <M> has logged out.
2021-01-12 09:49:27 INFO  ApplicationDriver:77 - User: <Unauthorized> has logged out.
2021-01-12 09:49:35 INFO  ApplicationDriver:35 - User <$.01> has logged in with clearance level <Secretary>
2021-01-12 09:51:25 INFO  ApplicationDriver:77 - User: <$.01> has logged out.
2021-01-12 11:06:13 INFO  ApplicationDriver:35 - User <007> has logged in with clearance level <Operative>
2021-01-12 11:06:27 INFO  ApplicationDriver:35 - User <007> has logged in with clearance level <Operative>
2021-01-12 11:06:47 INFO  ApplicationDriver:35 - User <007> has logged in with clearance level <Operative>
2021-01-12 11:07:04 INFO  ApplicationDriver:35 - User <007> has logged in with clearance level <Operative>
2021-01-12 11:11:49 INFO  ApplicationDriver:35 - User <007> has logged in with clearance level <Operative>
2021-01-12 11:12:28 INFO  ApplicationDriver:35 - User <007> has logged in with clearance level <Operative>
2021-01-12 11:13:22 INFO  ApplicationDriver:35 - User <007> has logged in with clearance level <Operative>
2021-01-12 11:13:23 INFO  ApplicationDriver:35 - User <007> has logged in with clearance level <Operative>
2021-01-12 11:13:24 INFO  ApplicationDriver:35 - User <007> has logged in with clearance level <Operative>
2021-01-12 11:13:46 INFO  ApplicationDriver:35 - User <007> has logged in with clearance level <Operative>
2021-01-12 11:13:47 INFO  ApplicationDriver:77 - User: <007> has logged out.
2021-01-12 11:13:54 INFO  ApplicationDriver:35 - User <007> has logged in with clearance level <Operative>
2021-01-12 11:13:55 INFO  ApplicationDriver:35 - User <007> has logged in with clearance level <Operative>
2021-01-12 11:13:56 INFO  ApplicationDriver:35 - User <007> has logged in with clearance level <Operative>
2021-01-12 11:16:41 INFO  ApplicationDriver:35 - User <007> has logged in with clearance level <Operative>
2021-01-12 11:44:43 INFO  ApplicationDriver:35 - User <007> has logged in with clearance level <Operative>
2021-01-12 11:44:45 INFO  ApplicationDriver:35 - User <007> has logged in with clearance level <Operative>
2021-01-12 11:44:45 INFO  ApplicationDriver:35 - User <007> has logged in with clearance level <Operative>
2021-01-12 11:46:09 INFO  ApplicationDriver:35 - User <007> has logged in with clearance level <Operative>
2021-01-12 11:51:03 INFO  ApplicationDriver:35 - User <007> has logged in with clearance level <Operative>
2021-01-12 11:52:24 INFO  ApplicationDriver:35 - User <007> has logged in with clearance level <Operative>
2021-01-12 11:53:33 INFO  ApplicationDriver:35 - User <007> has logged in with clearance level <Operative>
2021-01-12 13:02:09 INFO  ApplicationDriver:35 - User <007> has logged in with clearance level <Operative>
2021-01-12 13:07:35 INFO  ApplicationDriver:35 - User <007> has logged in with clearance level <Operative>
2021-01-12 13:13:35 INFO  ApplicationDriver:35 - User <007> has logged in with clearance level <Operative>
2021-01-12 13:14:30 INFO  ApplicationDriver:35 - User <007> has logged in with clearance level <Operative>
2021-01-12 13:15:21 INFO  ApplicationDriver:35 - User <007> has logged in with clearance level <Operative>
2021-01-12 13:18:21 INFO  ApplicationDriver:35 - User <007> has logged in with clearance level <Operative>
2021-01-12 13:18:57 INFO  ApplicationDriver:35 - User <007> has logged in with clearance level <Operative>
2021-01-12 13:19:37 INFO  ApplicationDriver:35 - User <007> has logged in with clearance level <Operative>
2021-01-12 13:20:48 INFO  ApplicationDriver:35 - User <007> has logged in with clearance level <Operative>
2021-01-12 13:22:26 INFO  ApplicationDriver:35 - User <007> has logged in with clearance level <Operative>
2021-01-12 13:44:53 INFO  ApplicationDriver:35 - User <007> has logged in with clearance level <Operative>
2021-01-12 13:52:37 INFO  ApplicationDriver:35 - User <007> has logged in with clearance level <Operative>
2021-01-12 13:54:34 INFO  ApplicationDriver:35 - User <007> has logged in with clearance level <Operative>
2021-01-12 13:57:58 INFO  ApplicationDriver:35 - User <007> has logged in with clearance level <Operative>
2021-01-12 13:58:00 INFO  ApplicationDriver:35 - User <007> has logged in with clearance level <Operative>
2021-01-12 13:58:15 INFO  ApplicationDriver:35 - User <007> has logged in with clearance level <Operative>
2021-01-12 13:58:43 INFO  ApplicationDriver:35 - User <007> has logged in with clearance level <Operative>
2021-01-12 14:04:24 INFO  ApplicationDriver:35 - User <007> has logged in with clearance level <Operative>
2021-01-12 14:05:37 INFO  ApplicationDriver:35 - User <007> has logged in with clearance level <Operative>
2021-01-13 21:33:38 INFO  ApplicationDriver:35 - User <007> has logged in with clearance level <Operative>
2021-01-13 21:35:59 INFO  ApplicationDriver:35 - User <007> has logged in with clearance level <Operative>
2021-01-13 21:40:01 INFO  ApplicationDriver:35 - User <007> has logged in with clearance level <Operative>
2021-01-13 21:40:05 INFO  ApplicationDriver:35 - User <007> has logged in with clearance level <Operative>
2021-01-13 21:42:06 INFO  ApplicationDriver:35 - User <007> has logged in with clearance level <Operative>
2021-01-13 21:50:57 INFO  ApplicationDriver:35 - User <M> has logged in with clearance level <Head>
2021-01-13 21:51:36 INFO  ApplicationDriver:35 - User <007> has logged in with clearance level <Operative>
2021-01-13 21:52:27 INFO  ApplicationDriver:35 - User <007> has logged in with clearance level <Operative>
2021-01-13 21:52:28 INFO  ApplicationDriver:35 - User <007> has logged in with clearance level <Operative>
2021-01-13 21:52:36 INFO  ApplicationDriver:35 - User <007> has logged in with clearance level <Operative>
2021-01-13 21:56:01 INFO  ApplicationDriver:35 - User <007> has logged in with clearance level <Operative>
2021-01-13 21:56:35 INFO  ApplicationDriver:35 - User <007> has logged in with clearance level <Operative>
2021-01-13 21:56:36 INFO  ApplicationDriver:35 - User <007> has logged in with clearance level <Operative>
2021-01-13 21:56:40 INFO  ApplicationDriver:35 - User <007> has logged in with clearance level <Operative>
2021-01-13 21:59:27 INFO  ApplicationDriver:35 - User <007> has logged in with clearance level <Operative>
2021-01-13 22:03:22 INFO  ApplicationDriver:35 - User <007> has logged in with clearance level <Operative>
2021-01-13 22:08:12 INFO  ApplicationDriver:35 - User <007> has logged in with clearance level <Operative>
2021-01-13 22:10:02 INFO  ApplicationDriver:35 - User <007> has logged in with clearance level <Operative>
2021-01-13 22:10:18 INFO  ApplicationDriver:35 - User <007> has logged in with clearance level <Operative>
2021-01-13 22:10:25 INFO  ApplicationDriver:35 - User <007> has logged in with clearance level <Operative>
2021-01-13 22:10:27 INFO  ApplicationDriver:35 - User <007> has logged in with clearance level <Operative>
2021-01-13 22:11:36 INFO  ApplicationDriver:35 - User <007> has logged in with clearance level <Operative>
2021-01-13 22:18:58 INFO  ApplicationDriver:77 - User: <007> has logged out.
2021-01-13 22:19:02 INFO  ApplicationDriver:35 - User <$.01> has logged in with clearance level <Secretary>
2021-01-13 22:36:55 INFO  ApplicationDriver:35 - User <$.01> has logged in with clearance level <Secretary>
2021-01-13 22:41:19 INFO  ApplicationDriver:35 - User <$.01> has logged in with clearance level <Secretary>
2021-01-13 22:42:08 INFO  ApplicationDriver:35 - User <$.01> has logged in with clearance level <Secretary>
2021-01-13 22:44:28 INFO  ApplicationDriver:35 - User <007> has logged in with clearance level <Operative>
2021-01-13 22:47:16 INFO  ApplicationDriver:35 - User <007> has logged in with clearance level <Operative>
2021-01-13 22:47:17 INFO  ApplicationDriver:35 - User <007> has logged in with clearance level <Operative>
2021-01-13 22:47:18 INFO  ApplicationDriver:35 - User <007> has logged in with clearance level <Operative>
2021-01-13 22:47:59 INFO  ApplicationDriver:35 - User <$.01> has logged in with clearance level <Secretary>
2021-01-13 22:49:57 INFO  ApplicationDriver:35 - User <$.01> has logged in with clearance level <Secretary>
2021-01-13 22:51:22 INFO  ApplicationDriver:35 - User <$.01> has logged in with clearance level <Secretary>
2021-01-13 22:53:56 INFO  ApplicationDriver:35 - User <$.01> has logged in with clearance level <Secretary>
2021-01-13 22:54:24 INFO  ApplicationDriver:35 - User <$.01> has logged in with clearance level <Secretary>
2021-01-13 22:56:30 INFO  ApplicationDriver:35 - User <$.01> has logged in with clearance level <Secretary>
2021-01-13 22:56:32 INFO  ApplicationDriver:64 - User <$.01> has resolved an expense request
2021-01-13 22:58:12 INFO  ApplicationDriver:35 - User <$.01> has logged in with clearance level <Secretary>
2021-01-13 22:58:14 INFO  ApplicationDriver:64 - User <$.01> has resolved an expense request
2021-01-13 22:59:26 INFO  ApplicationDriver:35 - User <$.01> has logged in with clearance level <Secretary>
2021-01-13 22:59:28 INFO  ApplicationDriver:64 - User <$.01> has resolved an expense request
2021-01-13 23:00:10 INFO  ApplicationDriver:35 - User <$.01> has logged in with clearance level <Secretary>
2021-01-13 23:01:03 INFO  ApplicationDriver:35 - User <$.01> has logged in with clearance level <Secretary>
2021-01-13 23:01:46 INFO  ApplicationDriver:35 - User <007> has logged in with clearance level <Operative>
2021-01-13 23:04:18 INFO  ApplicationDriver:35 - User <007> has logged in with clearance level <Operative>
2021-01-13 23:07:02 INFO  ApplicationDriver:35 - User <007> has logged in with clearance level <Operative>
2021-01-13 23:08:09 INFO  ApplicationDriver:35 - User <007> has logged in with clearance level <Operative>
2021-01-13 23:09:42 INFO  ApplicationDriver:35 - User <007> has logged in with clearance level <Operative>
2021-01-13 23:10:43 INFO  ApplicationDriver:35 - User <007> has logged in with clearance level <Operative>
2021-01-13 23:11:42 INFO  ApplicationDriver:35 - User <007> has logged in with clearance level <Operative>
2021-01-13 23:12:35 INFO  ApplicationDriver:35 - User <007> has logged in with clearance level <Operative>
2021-01-13 23:12:37 INFO  ApplicationDriver:53 - User <007> has submitted an expense request
2021-01-13 23:13:15 INFO  ApplicationDriver:35 - User <007> has logged in with clearance level <Operative>
2021-01-13 23:13:17 INFO  ApplicationDriver:53 - User <007> has submitted an expense request
2021-01-13 23:13:30 INFO  ApplicationDriver:35 - User <007> has logged in with clearance level <Operative>
2021-01-13 23:13:31 INFO  ApplicationDriver:53 - User <007> has submitted an expense request
2021-01-13 23:14:01 INFO  ApplicationDriver:35 - User <$.01> has logged in with clearance level <Secretary>
2021-01-13 23:20:37 INFO  ApplicationDriver:35 - User <$.01> has logged in with clearance level <Secretary>
2021-01-13 23:20:50 INFO  ApplicationDriver:35 - User <$.01> has logged in with clearance level <Secretary>
2021-01-13 23:23:53 INFO  ApplicationDriver:35 - User <$.01> has logged in with clearance level <Secretary>
2021-01-13 23:27:06 INFO  ApplicationDriver:35 - User <$.01> has logged in with clearance level <Secretary>
2021-01-13 23:28:36 INFO  ApplicationDriver:35 - User <$.01> has logged in with clearance level <Secretary>
2021-01-13 23:33:40 INFO  ApplicationDriver:35 - User <$.01> has logged in with clearance level <Secretary>
2021-01-13 23:38:58 INFO  ApplicationDriver:35 - User <$.01> has logged in with clearance level <Secretary>
2021-01-13 23:40:00 INFO  ApplicationDriver:35 - User <$.01> has logged in with clearance level <Secretary>
2021-01-13 23:42:20 INFO  ApplicationDriver:35 - User <$.01> has logged in with clearance level <Secretary>
2021-01-13 23:43:57 INFO  ApplicationDriver:35 - User <$.01> has logged in with clearance level <Secretary>
2021-01-13 23:55:44 INFO  ApplicationDriver:35 - User <$.01> has logged in with clearance level <Secretary>
2021-01-14 00:00:04 INFO  ApplicationDriver:35 - User <$.01> has logged in with clearance level <Secretary>
2021-01-14 00:00:06 INFO  ApplicationDriver:64 - User <$.01> has resolved an expense request
2021-01-14 00:01:14 INFO  ApplicationDriver:35 - User <$.01> has logged in with clearance level <Secretary>
2021-01-14 00:01:16 INFO  ApplicationDriver:64 - User <$.01> has resolved an expense request
2021-01-14 00:04:10 INFO  ApplicationDriver:35 - User <$.01> has logged in with clearance level <Secretary>
2021-01-14 00:04:13 INFO  ApplicationDriver:64 - User <$.01> has resolved an expense request
2021-01-14 00:05:23 INFO  ApplicationDriver:64 - User <$.01> has resolved an expense request
2021-01-14 00:07:10 INFO  ApplicationDriver:35 - User <007> has logged in with clearance level <Operative>
2021-01-14 00:07:12 INFO  ApplicationDriver:53 - User <007> has submitted an expense request
2021-01-14 00:07:25 INFO  ApplicationDriver:35 - User <007> has logged in with clearance level <Operative>
2021-01-14 00:07:27 INFO  ApplicationDriver:53 - User <007> has submitted an expense request
2021-01-14 00:07:37 INFO  ApplicationDriver:35 - User <007> has logged in with clearance level <Operative>
2021-01-14 00:07:38 INFO  ApplicationDriver:53 - User <007> has submitted an expense request
2021-01-14 00:07:57 INFO  ApplicationDriver:35 - User <$.01> has logged in with clearance level <Secretary>
2021-01-14 00:08:00 INFO  ApplicationDriver:64 - User <$.01> has resolved an expense request
2021-01-14 00:09:08 INFO  ApplicationDriver:35 - User <$.01> has logged in with clearance level <Secretary>
2021-01-14 00:09:10 INFO  ApplicationDriver:64 - User <$.01> has resolved an expense request
2021-01-14 00:10:45 INFO  ApplicationDriver:35 - User <007> has logged in with clearance level <Operative>
2021-01-14 00:10:47 INFO  ApplicationDriver:53 - User <007> has submitted an expense request
2021-01-14 00:11:09 INFO  ApplicationDriver:35 - User <$.01> has logged in with clearance level <Secretary>
2021-01-14 00:11:11 INFO  ApplicationDriver:64 - User <$.01> has resolved an expense request
2021-01-14 00:12:11 INFO  ApplicationDriver:35 - User <007> has logged in with clearance level <Operative>
2021-01-14 00:12:12 INFO  ApplicationDriver:53 - User <007> has submitted an expense request
2021-01-14 00:12:37 INFO  ApplicationDriver:35 - User <007> has logged in with clearance level <Operative>
2021-01-14 00:12:39 INFO  ApplicationDriver:53 - User <007> has submitted an expense request
2021-01-14 00:12:51 INFO  ApplicationDriver:35 - User <$.01> has logged in with clearance level <Secretary>
2021-01-14 00:12:53 INFO  ApplicationDriver:64 - User <$.01> has resolved an expense request
2021-01-14 00:13:56 INFO  ApplicationDriver:24 - User <007> has logged in with clearance level <Operative>
2021-01-14 00:13:57 INFO  ApplicationDriver:60 - User: <007> has logged out.
2021-01-14 00:14:04 INFO  ApplicationDriver:24 - User <007> has logged in with clearance level <Operative>
2021-01-14 00:14:05 INFO  ApplicationDriver:24 - User <007> has logged in with clearance level <Operative>
2021-01-14 00:14:06 INFO  ApplicationDriver:24 - User <007> has logged in with clearance level <Operative>
2021-01-14 00:14:07 INFO  ApplicationDriver:52 - User <007> has submitted an expense request
2021-01-14 00:14:14 INFO  ApplicationDriver:24 - User <007> has logged in with clearance level <Operative>
2021-01-14 00:14:15 INFO  ApplicationDriver:24 - User <007> has logged in with clearance level <Operative>
2021-01-14 00:14:17 INFO  ApplicationDriver:24 - User <007> has logged in with clearance level <Operative>
2021-01-14 00:14:27 INFO  ApplicationDriver:24 - User <$.01> has logged in with clearance level <Secretary>
2021-01-14 00:14:30 INFO  ApplicationDriver:63 - User <$.01> has resolved an expense request
2021-01-14 00:25:31 INFO  ApplicationDriver:24 - User <007> has logged in with clearance level <Operative>
2021-01-14 00:27:09 INFO  ApplicationDriver:24 - User <007> has logged in with clearance level <Operative>
2021-01-14 00:30:23 INFO  ApplicationDriver:24 - User <007> has logged in with clearance level <Operative>
2021-01-14 00:30:24 INFO  ApplicationDriver:24 - User <007> has logged in with clearance level <Operative>
2021-01-14 00:30:25 INFO  ApplicationDriver:24 - User <007> has logged in with clearance level <Operative>
2021-01-14 00:42:14 INFO  ApplicationDriver:24 - User <007> has logged in with clearance level <Operative>
2021-01-14 00:51:11 INFO  ApplicationDriver:24 - User <007> has logged in with clearance level <Operative>
2021-01-14 00:51:12 INFO  ApplicationDriver:60 - User: <007> has logged out.
2021-01-14 00:51:18 INFO  ApplicationDriver:24 - User <007> has logged in with clearance level <Operative>
2021-01-14 00:51:19 INFO  ApplicationDriver:24 - User <007> has logged in with clearance level <Operative>
2021-01-14 00:51:20 INFO  ApplicationDriver:24 - User <007> has logged in with clearance level <Operative>
2021-01-14 00:51:22 INFO  ApplicationDriver:52 - User <007> has submitted an expense request
2021-01-14 00:51:28 INFO  ApplicationDriver:24 - User <007> has logged in with clearance level <Operative>
2021-01-14 00:51:30 INFO  ApplicationDriver:24 - User <007> has logged in with clearance level <Operative>
2021-01-14 00:51:37 INFO  ApplicationDriver:24 - User <$.01> has logged in with clearance level <Secretary>
2021-01-14 00:51:39 INFO  ApplicationDriver:63 - User <$.01> has resolved an expense request
2021-01-14 01:01:11 INFO  ApplicationDriver:24 - User <007> has logged in with clearance level <Operative>
2021-01-14 01:01:34 INFO  ApplicationDriver:52 - User <007> has submitted an expense request
2021-01-14 01:01:42 INFO  ApplicationDriver:60 - User: <007> has logged out.
2021-01-14 01:02:03 INFO  ApplicationDriver:52 - User <Unauthorized> has submitted an expense request
2021-01-14 01:19:45 INFO  ApplicationDriver:24 - User <007> has logged in with clearance level <Operative>
2021-01-14 08:51:14 INFO  ApplicationDriver:55 - User <Unauthorized> has submitted an expense request
2021-01-14 08:52:17 INFO  ApplicationDriver:55 - User <Unauthorized> has submitted an expense request
2021-01-14 08:55:37 INFO  ApplicationDriver:58 - User <007> has submitted an expense request
2021-01-14 09:00:46 INFO  ApplicationDriver:59 - User <007> has submitted an expense request
2021-01-14 13:05:35 INFO  ApplicationDriver:60 - User <007> has submitted an expense request
2021-01-14 13:13:57 INFO  ApplicationDriver:60 - User <007> has submitted an expense request
2021-01-14 13:14:57 INFO  ApplicationDriver:60 - User <007> has submitted an expense request
2021-01-14 13:15:32 INFO  ApplicationDriver:60 - User <Unauthorized> has submitted an expense request
2021-01-22 11:40:54 INFO  ApplicationDriver:53 - User <Q> has submitted an expense request
2021-01-24 12:01:36 INFO  ApplicationDriver:52 - User <Unauthorized> has submitted an expense request
2021-01-24 12:04:52 INFO  ApplicationDriver:63 - User <M> has submitted an expense request
